<?xml version="1.0" encoding="UTF-8"?>
<!-- Generated by org.testng.reporters.JUnitXMLReporter -->
<testsuite hostname="DESKTOP-KQUFIDC" ignored="0" name="Cleartrip feature Testing-firefox" tests="22" failures="2" timestamp="22 Aug 2020 15:31:43 GMT" time="150.717" errors="0">
  <testcase name="@AfterTest tearDown" time="0.066" classname="com.qa.ClearTripQA.tests.HomePageTest">
    <failure type="org.openqa.selenium.NoSuchSessionException" message="Tried to run command without establishing a connection
Build info: version: &amp;apos;3.141.59&amp;apos;, revision: &amp;apos;e82be7d358&amp;apos;, time: &amp;apos;2018-11-14T08:17:03&amp;apos;
System info: host: &amp;apos;DESKTOP-KQUFIDC&amp;apos;, ip: &amp;apos;192.168.99.1&amp;apos;, os.name: &amp;apos;Windows 10&amp;apos;, os.arch: &amp;apos;amd64&amp;apos;, os.version: &amp;apos;10.0&amp;apos;, java.version: &amp;apos;1.8.0_251&amp;apos;
Driver info: org.openqa.selenium.firefox.FirefoxDriver
Capabilities {acceptInsecureCerts: true, browserName: firefox, browserVersion: 79.0, javascriptEnabled: true, moz:accessibilityChecks: false, moz:buildID: 20200720193547, moz:geckodriverVersion: 0.27.0, moz:headless: false, moz:processID: 52124, moz:profile: C:\Users\14387\AppData\Loca..., moz:shutdownTimeout: 60000, moz:useNonSpecCompliantPointerOrigin: false, moz:webdriverClick: true, pageLoadStrategy: normal, platform: WINDOWS, platformName: WINDOWS, platformVersion: 10.0, rotatable: false, setWindowRect: true, strictFileInteractability: false, timeouts: {implicit: 0, pageLoad: 300000, script: 30000}, unhandledPromptBehavior: dismiss and notify}
Session ID: ad07efd7-1ec0-402d-ab65-3fadffe74302">
      <![CDATA[org.openqa.selenium.NoSuchSessionException: Tried to run command without establishing a connection
Build info: version: '3.141.59', revision: 'e82be7d358', time: '2018-11-14T08:17:03'
System info: host: 'DESKTOP-KQUFIDC', ip: '192.168.99.1', os.name: 'Windows 10', os.arch: 'amd64', os.version: '10.0', java.version: '1.8.0_251'
Driver info: org.openqa.selenium.firefox.FirefoxDriver
Capabilities {acceptInsecureCerts: true, browserName: firefox, browserVersion: 79.0, javascriptEnabled: true, moz:accessibilityChecks: false, moz:buildID: 20200720193547, moz:geckodriverVersion: 0.27.0, moz:headless: false, moz:processID: 52124, moz:profile: C:\Users\14387\AppData\Loca..., moz:shutdownTimeout: 60000, moz:useNonSpecCompliantPointerOrigin: false, moz:webdriverClick: true, pageLoadStrategy: normal, platform: WINDOWS, platformName: WINDOWS, platformVersion: 10.0, rotatable: false, setWindowRect: true, strictFileInteractability: false, timeouts: {implicit: 0, pageLoad: 300000, script: 30000}, unhandledPromptBehavior: dismiss and notify}
Session ID: ad07efd7-1ec0-402d-ab65-3fadffe74302
at org.openqa.selenium.remote.http.W3CHttpResponseCodec.createException(W3CHttpResponseCodec.java:187)
at org.openqa.selenium.remote.http.W3CHttpResponseCodec.decode(W3CHttpResponseCodec.java:122)
at org.openqa.selenium.remote.http.W3CHttpResponseCodec.decode(W3CHttpResponseCodec.java:49)
at org.openqa.selenium.remote.HttpCommandExecutor.execute(HttpCommandExecutor.java:158)
at org.openqa.selenium.remote.service.DriverCommandExecutor.execute(DriverCommandExecutor.java:83)
at org.openqa.selenium.remote.RemoteWebDriver.execute(RemoteWebDriver.java:552)
at org.openqa.selenium.remote.RemoteWebDriver.execute(RemoteWebDriver.java:609)
at org.openqa.selenium.remote.RemoteWebDriver.quit(RemoteWebDriver.java:452)
at com.qa.ClearTripQA.tests.HomePageTest.tearDown(HomePageTest.java:170)
at java.util.concurrent.FutureTask.run(FutureTask.java:266)
at java.util.concurrent.ThreadPoolExecutor.runWorker(ThreadPoolExecutor.java:1149)
at java.util.concurrent.ThreadPoolExecutor$Worker.run(ThreadPoolExecutor.java:624)
at java.lang.Thread.run(Thread.java:748)
... Removed 19 stack frames]]>
    </failure>
  </testcase> <!-- @AfterTest tearDown -->
  <testcase name="@AfterTest tearDown" time="0.0" classname="com.qa.ClearTripQA.tests.HotelPageTest">
    <skipped/>
  </testcase> <!-- @AfterTest tearDown -->
  <testcase name="@AfterTest tearDown" time="0.0" classname="com.qa.ClearTripQA.tests.LoginPageTest">
    <skipped/>
  </testcase> <!-- @AfterTest tearDown -->
  <testcase name="verifyLoginPage" time="8.193" classname="com.qa.ClearTripQA.tests.LoginPageTest"/>
  <testcase name="verfiyHomePageTitle" time="0.041" classname="com.qa.ClearTripQA.tests.HomePageTest"/>
  <testcase name="verifyClickHotel" time="3.69" classname="com.qa.ClearTripQA.tests.HotelPageTest"/>
  <testcase name="verifyPageHeader" time="0.466" classname="com.qa.ClearTripQA.tests.HomePageTest"/>
  <testcase name="verifyHotelTitle" time="0.024" classname="com.qa.ClearTripQA.tests.HotelPageTest"/>
  <testcase name="verifyOneWay" time="0.099" classname="com.qa.ClearTripQA.tests.HomePageTest"/>
  <testcase name="verifyPageBanner" time="7.318" classname="com.qa.ClearTripQA.tests.HotelPageTest"/>
  <testcase name="verifyselectFrom" time="2.712" classname="com.qa.ClearTripQA.tests.HomePageTest"/>
  <testcase name="verifySearchCity" time="6.317" classname="com.qa.ClearTripQA.tests.HotelPageTest"/>
  <testcase name="verifySelectDestination" time="3.671" classname="com.qa.ClearTripQA.tests.HomePageTest"/>
  <testcase name="verifyHotelCheckInDate" time="2.126" classname="com.qa.ClearTripQA.tests.HotelPageTest"/>
  <testcase name="verifycalenderDate" time="2.034" classname="com.qa.ClearTripQA.tests.HomePageTest"/>
  <testcase name="verifyHotelCheckoutDate" time="0.509" classname="com.qa.ClearTripQA.tests.HotelPageTest"/>
  <testcase name="verifyAdult" time="0.132" classname="com.qa.ClearTripQA.tests.HomePageTest"/>
  <testcase name="verifyTravellersNumbers" time="0.438" classname="com.qa.ClearTripQA.tests.HotelPageTest"/>
  <testcase name="verifyChildren" time="0.399" classname="com.qa.ClearTripQA.tests.HomePageTest"/>
  <testcase name="verifyMoreOption" time="0.629" classname="com.qa.ClearTripQA.tests.HomePageTest"/>
  <testcase name="verifyCurrencySelector" time="0.868" classname="com.qa.ClearTripQA.tests.HomePageTest"/>
  <testcase name="verifyClickSearch" time="3.599" classname="com.qa.ClearTripQA.tests.HomePageTest"/>
  <testcase name="verifyFlightSearchSummary" time="38.827" classname="com.qa.ClearTripQA.tests.HomePageTest"/>
  <testcase name="verfiyPriceticket" time="0.019" classname="com.qa.ClearTripQA.tests.HomePageTest">
    <failure type="java.lang.NullPointerException">
      <![CDATA[java.lang.NullPointerException
at com.qa.ClearTripQA.utilits.ElementUtils.doGetText(ElementUtils.java:55)
at com.qa.ClearTripQA.pages.HomePage.getFlightPrice(HomePage.java:171)
at com.qa.ClearTripQA.tests.HomePageTest.verfiyPriceticket(HomePageTest.java:113)
at java.util.concurrent.FutureTask.run(FutureTask.java:266)
at java.util.concurrent.ThreadPoolExecutor.runWorker(ThreadPoolExecutor.java:1149)
at java.util.concurrent.ThreadPoolExecutor$Worker.run(ThreadPoolExecutor.java:624)
at java.lang.Thread.run(Thread.java:748)
... Removed 16 stack frames]]>
    </failure>
  </testcase> <!-- verfiyPriceticket -->
  <testcase name="verfiyPriceticket" time="0.301" classname="com.qa.ClearTripQA.tests.HomePageTest">
    <failure type="org.openqa.selenium.WebDriverException" message="Failed to decode response from marionette
Build info: version: &amp;apos;3.141.59&amp;apos;, revision: &amp;apos;e82be7d358&amp;apos;, time: &amp;apos;2018-11-14T08:17:03&amp;apos;
System info: host: &amp;apos;DESKTOP-KQUFIDC&amp;apos;, ip: &amp;apos;192.168.99.1&amp;apos;, os.name: &amp;apos;Windows 10&amp;apos;, os.arch: &amp;apos;amd64&amp;apos;, os.version: &amp;apos;10.0&amp;apos;, java.version: &amp;apos;1.8.0_251&amp;apos;
Driver info: org.openqa.selenium.firefox.FirefoxDriver
Capabilities {acceptInsecureCerts: true, browserName: firefox, browserVersion: 79.0, javascriptEnabled: true, moz:accessibilityChecks: false, moz:buildID: 20200720193547, moz:geckodriverVersion: 0.27.0, moz:headless: false, moz:processID: 55384, moz:profile: C:\Users\14387\AppData\Loca..., moz:shutdownTimeout: 60000, moz:useNonSpecCompliantPointerOrigin: false, moz:webdriverClick: true, pageLoadStrategy: normal, platform: WINDOWS, platformName: WINDOWS, platformVersion: 10.0, rotatable: false, setWindowRect: true, strictFileInteractability: false, timeouts: {implicit: 0, pageLoad: 300000, script: 30000}, unhandledPromptBehavior: dismiss and notify}
Session ID: 469bb775-2368-428e-baaa-2f860cc9f939">
      <![CDATA[org.openqa.selenium.WebDriverException: Failed to decode response from marionette
Build info: version: '3.141.59', revision: 'e82be7d358', time: '2018-11-14T08:17:03'
System info: host: 'DESKTOP-KQUFIDC', ip: '192.168.99.1', os.name: 'Windows 10', os.arch: 'amd64', os.version: '10.0', java.version: '1.8.0_251'
Driver info: org.openqa.selenium.firefox.FirefoxDriver
Capabilities {acceptInsecureCerts: true, browserName: firefox, browserVersion: 79.0, javascriptEnabled: true, moz:accessibilityChecks: false, moz:buildID: 20200720193547, moz:geckodriverVersion: 0.27.0, moz:headless: false, moz:processID: 55384, moz:profile: C:\Users\14387\AppData\Loca..., moz:shutdownTimeout: 60000, moz:useNonSpecCompliantPointerOrigin: false, moz:webdriverClick: true, pageLoadStrategy: normal, platform: WINDOWS, platformName: WINDOWS, platformVersion: 10.0, rotatable: false, setWindowRect: true, strictFileInteractability: false, timeouts: {implicit: 0, pageLoad: 300000, script: 30000}, unhandledPromptBehavior: dismiss and notify}
Session ID: 469bb775-2368-428e-baaa-2f860cc9f939
at org.openqa.selenium.remote.http.W3CHttpResponseCodec.createException(W3CHttpResponseCodec.java:187)
at org.openqa.selenium.remote.http.W3CHttpResponseCodec.decode(W3CHttpResponseCodec.java:122)
at org.openqa.selenium.remote.http.W3CHttpResponseCodec.decode(W3CHttpResponseCodec.java:49)
at org.openqa.selenium.remote.HttpCommandExecutor.execute(HttpCommandExecutor.java:158)
at org.openqa.selenium.remote.service.DriverCommandExecutor.execute(DriverCommandExecutor.java:83)
at org.openqa.selenium.remote.RemoteWebDriver.execute(RemoteWebDriver.java:552)
at org.openqa.selenium.remote.RemoteWebDriver.execute(RemoteWebDriver.java:609)
at org.openqa.selenium.remote.RemoteWebDriver.getScreenshotAs(RemoteWebDriver.java:295)
at com.qa.ClearTripQA.testlisteners.TestAllureListener.saveScreenshotPNG(TestAllureListener.java:25)
at com.qa.ClearTripQA.testlisteners.TestAllureListener.onTestFailure(TestAllureListener.java:69)
at java.util.concurrent.FutureTask.run(FutureTask.java:266)
at java.util.concurrent.ThreadPoolExecutor.runWorker(ThreadPoolExecutor.java:1149)
at java.util.concurrent.ThreadPoolExecutor$Worker.run(ThreadPoolExecutor.java:624)
at java.lang.Thread.run(Thread.java:748)
... Removed 17 stack frames]]>
    </failure>
  </testcase> <!-- verfiyPriceticket -->
</testsuite> <!-- Cleartrip feature Testing-firefox -->
