<html>
<head>
<title>TestNG:  Cleartrip feature Testing-firefox</title>
<link href="../testng.css" rel="stylesheet" type="text/css" />
<link href="../my-testng.css" rel="stylesheet" type="text/css" />

<style type="text/css">
.log { display: none;} 
.stack-trace { display: none;} 
</style>
<script type="text/javascript">
<!--
function flip(e) {
  current = e.style.display;
  if (current == 'block') {
    e.style.display = 'none';
    return 0;
  }
  else {
    e.style.display = 'block';
    return 1;
  }
}

function toggleBox(szDivId, elem, msg1, msg2)
{
  var res = -1;  if (document.getElementById) {
    res = flip(document.getElementById(szDivId));
  }
  else if (document.all) {
    // this is the way old msie versions work
    res = flip(document.all[szDivId]);
  }
  if(elem) {
    if(res == 0) elem.innerHTML = msg1; else elem.innerHTML = msg2;
  }

}

function toggleAllBoxes() {
  if (document.getElementsByTagName) {
    d = document.getElementsByTagName('div');
    for (i = 0; i < d.length; i++) {
      if (d[i].className == 'log') {
        flip(d[i]);
      }
    }
  }
}

// -->
</script>

</head>
<body>
<h2 align='center'>Cleartrip feature Testing-firefox</h2><table border='1' align="center">
<tr>
<td>Tests passed/Failed/Skipped:</td><td>20/0/0</td>
</tr><tr>
<td>Started on:</td><td>Sat Aug 22 11:29:12 EDT 2020</td>
</tr>
<tr><td>Total time:</td><td>150 seconds (150717 ms)</td>
</tr><tr>
<td>Included groups:</td><td></td>
</tr><tr>
<td>Excluded groups:</td><td></td>
</tr>
</table><p/>
<small><i>(Hover the method name to see the test class name)</i></small><p/>
<table width='100%' border='1' class='invocation-failed'>
<tr><td colspan='4' align='center'><b>FAILED CONFIGURATIONS</b></td></tr>
<tr><td><b>Test method</b></td>
<td width="30%"><b>Exception</b></td>
<td width="10%"><b>Time (seconds)</b></td>
<td><b>Instance</b></td>
</tr>
<tr>
<td title='com.qa.ClearTripQA.tests.HomePageTest.tearDown()'><b>tearDown</b><br>Test class: com.qa.ClearTripQA.tests.HomePageTest</td>
<td><div><pre>org.openqa.selenium.NoSuchSessionException: Tried to run command without establishing a connection
Build info: version: &apos;3.141.59&apos;, revision: &apos;e82be7d358&apos;, time: &apos;2018-11-14T08:17:03&apos;
System info: host: &apos;DESKTOP-KQUFIDC&apos;, ip: &apos;192.168.99.1&apos;, os.name: &apos;Windows 10&apos;, os.arch: &apos;amd64&apos;, os.version: &apos;10.0&apos;, java.version: &apos;1.8.0_251&apos;
Driver info: org.openqa.selenium.firefox.FirefoxDriver
Capabilities {acceptInsecureCerts: true, browserName: firefox, browserVersion: 79.0, javascriptEnabled: true, moz:accessibilityChecks: false, moz:buildID: 20200720193547, moz:geckodriverVersion: 0.27.0, moz:headless: false, moz:processID: 52124, moz:profile: C:\Users\14387\AppData\Loca..., moz:shutdownTimeout: 60000, moz:useNonSpecCompliantPointerOrigin: false, moz:webdriverClick: true, pageLoadStrategy: normal, platform: WINDOWS, platformName: WINDOWS, platformVersion: 10.0, rotatable: false, setWindowRect: true, strictFileInteractability: false, timeouts: {implicit: 0, pageLoad: 300000, script: 30000}, unhandledPromptBehavior: dismiss and notify}
Session ID: ad07efd7-1ec0-402d-ab65-3fadffe74302
	at org.openqa.selenium.remote.http.W3CHttpResponseCodec.createException(W3CHttpResponseCodec.java:187)
	at org.openqa.selenium.remote.http.W3CHttpResponseCodec.decode(W3CHttpResponseCodec.java:122)
	at org.openqa.selenium.remote.http.W3CHttpResponseCodec.decode(W3CHttpResponseCodec.java:49)
	at org.openqa.selenium.remote.HttpCommandExecutor.execute(HttpCommandExecutor.java:158)
	at org.openqa.selenium.remote.service.DriverCommandExecutor.execute(DriverCommandExecutor.java:83)
	at org.openqa.selenium.remote.RemoteWebDriver.execute(RemoteWebDriver.java:552)
	at org.openqa.selenium.remote.RemoteWebDriver.execute(RemoteWebDriver.java:609)
	at org.openqa.selenium.remote.RemoteWebDriver.quit(RemoteWebDriver.java:452)
	at com.qa.ClearTripQA.tests.HomePageTest.tearDown(HomePageTest.java:170)
	at java.util.concurrent.FutureTask.run(FutureTask.java:266)
	at java.util.concurrent.ThreadPoolExecutor.runWorker(ThreadPoolExecutor.java:1149)
	at java.util.concurrent.ThreadPoolExecutor$Worker.run(ThreadPoolExecutor.java:624)
	at java.lang.Thread.run(Thread.java:748)
... Removed 19 stack frames</pre></div><a href='#' onClick='toggleBox("stack-trace319678377", this, "Click to show all stack frames", "Click to hide stack frames")'>Click to show all stack frames</a>
<div class='stack-trace' id='stack-trace319678377'><pre>org.openqa.selenium.NoSuchSessionException: Tried to run command without establishing a connection
Build info: version: &apos;3.141.59&apos;, revision: &apos;e82be7d358&apos;, time: &apos;2018-11-14T08:17:03&apos;
System info: host: &apos;DESKTOP-KQUFIDC&apos;, ip: &apos;192.168.99.1&apos;, os.name: &apos;Windows 10&apos;, os.arch: &apos;amd64&apos;, os.version: &apos;10.0&apos;, java.version: &apos;1.8.0_251&apos;
Driver info: org.openqa.selenium.firefox.FirefoxDriver
Capabilities {acceptInsecureCerts: true, browserName: firefox, browserVersion: 79.0, javascriptEnabled: true, moz:accessibilityChecks: false, moz:buildID: 20200720193547, moz:geckodriverVersion: 0.27.0, moz:headless: false, moz:processID: 52124, moz:profile: C:\Users\14387\AppData\Loca..., moz:shutdownTimeout: 60000, moz:useNonSpecCompliantPointerOrigin: false, moz:webdriverClick: true, pageLoadStrategy: normal, platform: WINDOWS, platformName: WINDOWS, platformVersion: 10.0, rotatable: false, setWindowRect: true, strictFileInteractability: false, timeouts: {implicit: 0, pageLoad: 300000, script: 30000}, unhandledPromptBehavior: dismiss and notify}
Session ID: ad07efd7-1ec0-402d-ab65-3fadffe74302
	at sun.reflect.NativeConstructorAccessorImpl.newInstance0(Native Method)
	at sun.reflect.NativeConstructorAccessorImpl.newInstance(NativeConstructorAccessorImpl.java:62)
	at sun.reflect.DelegatingConstructorAccessorImpl.newInstance(DelegatingConstructorAccessorImpl.java:45)
	at java.lang.reflect.Constructor.newInstance(Constructor.java:423)
	at org.openqa.selenium.remote.http.W3CHttpResponseCodec.createException(W3CHttpResponseCodec.java:187)
	at org.openqa.selenium.remote.http.W3CHttpResponseCodec.decode(W3CHttpResponseCodec.java:122)
	at org.openqa.selenium.remote.http.W3CHttpResponseCodec.decode(W3CHttpResponseCodec.java:49)
	at org.openqa.selenium.remote.HttpCommandExecutor.execute(HttpCommandExecutor.java:158)
	at org.openqa.selenium.remote.service.DriverCommandExecutor.execute(DriverCommandExecutor.java:83)
	at org.openqa.selenium.remote.RemoteWebDriver.execute(RemoteWebDriver.java:552)
	at org.openqa.selenium.remote.RemoteWebDriver.execute(RemoteWebDriver.java:609)
	at org.openqa.selenium.remote.RemoteWebDriver.quit(RemoteWebDriver.java:452)
	at com.qa.ClearTripQA.tests.HomePageTest.tearDown(HomePageTest.java:170)
	at sun.reflect.NativeMethodAccessorImpl.invoke0(Native Method)
	at sun.reflect.NativeMethodAccessorImpl.invoke(NativeMethodAccessorImpl.java:62)
	at sun.reflect.DelegatingMethodAccessorImpl.invoke(DelegatingMethodAccessorImpl.java:43)
	at java.lang.reflect.Method.invoke(Method.java:498)
	at org.testng.internal.MethodInvocationHelper.invokeMethod(MethodInvocationHelper.java:124)
	at org.testng.internal.MethodInvocationHelper.invokeMethodConsideringTimeout(MethodInvocationHelper.java:59)
	at org.testng.internal.Invoker.invokeConfigurationMethod(Invoker.java:458)
	at org.testng.internal.Invoker.invokeConfigurations(Invoker.java:222)
	at org.testng.internal.Invoker.invokeConfigurations(Invoker.java:142)
	at org.testng.TestRunner.afterRun(TestRunner.java:725)
	at org.testng.TestRunner.run(TestRunner.java:509)
	at org.testng.SuiteRunner.runTest(SuiteRunner.java:455)
	at org.testng.SuiteRunner.access$000(SuiteRunner.java:40)
	at org.testng.SuiteRunner$SuiteWorker.run(SuiteRunner.java:489)
	at org.testng.internal.thread.ThreadUtil$1.call(ThreadUtil.java:52)
	at java.util.concurrent.FutureTask.run(FutureTask.java:266)
	at java.util.concurrent.ThreadPoolExecutor.runWorker(ThreadPoolExecutor.java:1149)
	at java.util.concurrent.ThreadPoolExecutor$Worker.run(ThreadPoolExecutor.java:624)
	at java.lang.Thread.run(Thread.java:748)
</pre></div></td>
<td>0</td>
<td>com.qa.ClearTripQA.tests.HomePageTest@2f40a43</td></tr>
</table><p>
<table width='100%' border='1' class='invocation-skipped'>
<tr><td colspan='4' align='center'><b>SKIPPED CONFIGURATIONS</b></td></tr>
<tr><td><b>Test method</b></td>
<td width="30%"><b>Exception</b></td>
<td width="10%"><b>Time (seconds)</b></td>
<td><b>Instance</b></td>
</tr>
<tr>
<td title='com.qa.ClearTripQA.tests.HomePageTest.tearDown()'><b>tearDown</b><br>Test class: com.qa.ClearTripQA.tests.HomePageTest</td>
<td></td>
<td>0</td>
<td>com.qa.ClearTripQA.tests.HotelPageTest@3caa4757</td></tr>
<tr>
<td title='com.qa.ClearTripQA.tests.HomePageTest.tearDown()'><b>tearDown</b><br>Test class: com.qa.ClearTripQA.tests.HomePageTest</td>
<td></td>
<td>0</td>
<td>com.qa.ClearTripQA.tests.LoginPageTest@7cd1ac19</td></tr>
</table><p>
<table width='100%' border='1' class='invocation-failed'>
<tr><td colspan='4' align='center'><b>FAILED TESTS</b></td></tr>
<tr><td><b>Test method</b></td>
<td width="30%"><b>Exception</b></td>
<td width="10%"><b>Time (seconds)</b></td>
<td><b>Instance</b></td>
</tr>
<tr>
<td title='com.qa.ClearTripQA.tests.HomePageTest.verfiyPriceticket()'><b>verfiyPriceticket</b><br>Test class: com.qa.ClearTripQA.tests.HomePageTest</td>
<td><div><pre>java.lang.NullPointerException
	at com.qa.ClearTripQA.utilits.ElementUtils.doGetText(ElementUtils.java:55)
	at com.qa.ClearTripQA.pages.HomePage.getFlightPrice(HomePage.java:171)
	at com.qa.ClearTripQA.tests.HomePageTest.verfiyPriceticket(HomePageTest.java:113)
	at java.util.concurrent.FutureTask.run(FutureTask.java:266)
	at java.util.concurrent.ThreadPoolExecutor.runWorker(ThreadPoolExecutor.java:1149)
	at java.util.concurrent.ThreadPoolExecutor$Worker.run(ThreadPoolExecutor.java:624)
	at java.lang.Thread.run(Thread.java:748)
... Removed 16 stack frames</pre></div><a href='#' onClick='toggleBox("stack-trace58429714", this, "Click to show all stack frames", "Click to hide stack frames")'>Click to show all stack frames</a>
<div class='stack-trace' id='stack-trace58429714'><pre>java.lang.NullPointerException
	at com.qa.ClearTripQA.utilits.ElementUtils.doGetText(ElementUtils.java:55)
	at com.qa.ClearTripQA.pages.HomePage.getFlightPrice(HomePage.java:171)
	at com.qa.ClearTripQA.tests.HomePageTest.verfiyPriceticket(HomePageTest.java:113)
	at sun.reflect.NativeMethodAccessorImpl.invoke0(Native Method)
	at sun.reflect.NativeMethodAccessorImpl.invoke(NativeMethodAccessorImpl.java:62)
	at sun.reflect.DelegatingMethodAccessorImpl.invoke(DelegatingMethodAccessorImpl.java:43)
	at java.lang.reflect.Method.invoke(Method.java:498)
	at org.testng.internal.MethodInvocationHelper.invokeMethod(MethodInvocationHelper.java:124)
	at org.testng.internal.Invoker.invokeMethod(Invoker.java:583)
	at org.testng.internal.Invoker.invokeTestMethod(Invoker.java:719)
	at org.testng.internal.Invoker.invokeTestMethods(Invoker.java:989)
	at org.testng.internal.TestMethodWorker.invokeTestMethods(TestMethodWorker.java:125)
	at org.testng.internal.TestMethodWorker.run(TestMethodWorker.java:109)
	at org.testng.TestRunner.privateRun(TestRunner.java:648)
	at org.testng.TestRunner.run(TestRunner.java:505)
	at org.testng.SuiteRunner.runTest(SuiteRunner.java:455)
	at org.testng.SuiteRunner.access$000(SuiteRunner.java:40)
	at org.testng.SuiteRunner$SuiteWorker.run(SuiteRunner.java:489)
	at org.testng.internal.thread.ThreadUtil$1.call(ThreadUtil.java:52)
	at java.util.concurrent.FutureTask.run(FutureTask.java:266)
	at java.util.concurrent.ThreadPoolExecutor.runWorker(ThreadPoolExecutor.java:1149)
	at java.util.concurrent.ThreadPoolExecutor$Worker.run(ThreadPoolExecutor.java:624)
	at java.lang.Thread.run(Thread.java:748)
</pre></div></td>
<td>0</td>
<td>com.qa.ClearTripQA.tests.HomePageTest@2f40a43</td></tr>
<tr>
<td title='com.qa.ClearTripQA.tests.HomePageTest.verfiyPriceticket()'><b>verfiyPriceticket</b><br>Test class: com.qa.ClearTripQA.tests.HomePageTest</td>
<td><div><pre>org.openqa.selenium.WebDriverException: Failed to decode response from marionette
Build info: version: &apos;3.141.59&apos;, revision: &apos;e82be7d358&apos;, time: &apos;2018-11-14T08:17:03&apos;
System info: host: &apos;DESKTOP-KQUFIDC&apos;, ip: &apos;192.168.99.1&apos;, os.name: &apos;Windows 10&apos;, os.arch: &apos;amd64&apos;, os.version: &apos;10.0&apos;, java.version: &apos;1.8.0_251&apos;
Driver info: org.openqa.selenium.firefox.FirefoxDriver
Capabilities {acceptInsecureCerts: true, browserName: firefox, browserVersion: 79.0, javascriptEnabled: true, moz:accessibilityChecks: false, moz:buildID: 20200720193547, moz:geckodriverVersion: 0.27.0, moz:headless: false, moz:processID: 55384, moz:profile: C:\Users\14387\AppData\Loca..., moz:shutdownTimeout: 60000, moz:useNonSpecCompliantPointerOrigin: false, moz:webdriverClick: true, pageLoadStrategy: normal, platform: WINDOWS, platformName: WINDOWS, platformVersion: 10.0, rotatable: false, setWindowRect: true, strictFileInteractability: false, timeouts: {implicit: 0, pageLoad: 300000, script: 30000}, unhandledPromptBehavior: dismiss and notify}
Session ID: 469bb775-2368-428e-baaa-2f860cc9f939
	at org.openqa.selenium.remote.http.W3CHttpResponseCodec.createException(W3CHttpResponseCodec.java:187)
	at org.openqa.selenium.remote.http.W3CHttpResponseCodec.decode(W3CHttpResponseCodec.java:122)
	at org.openqa.selenium.remote.http.W3CHttpResponseCodec.decode(W3CHttpResponseCodec.java:49)
	at org.openqa.selenium.remote.HttpCommandExecutor.execute(HttpCommandExecutor.java:158)
	at org.openqa.selenium.remote.service.DriverCommandExecutor.execute(DriverCommandExecutor.java:83)
	at org.openqa.selenium.remote.RemoteWebDriver.execute(RemoteWebDriver.java:552)
	at org.openqa.selenium.remote.RemoteWebDriver.execute(RemoteWebDriver.java:609)
	at org.openqa.selenium.remote.RemoteWebDriver.getScreenshotAs(RemoteWebDriver.java:295)
	at com.qa.ClearTripQA.testlisteners.TestAllureListener.saveScreenshotPNG(TestAllureListener.java:25)
	at com.qa.ClearTripQA.testlisteners.TestAllureListener.onTestFailure(TestAllureListener.java:69)
	at java.util.concurrent.FutureTask.run(FutureTask.java:266)
	at java.util.concurrent.ThreadPoolExecutor.runWorker(ThreadPoolExecutor.java:1149)
	at java.util.concurrent.ThreadPoolExecutor$Worker.run(ThreadPoolExecutor.java:624)
	at java.lang.Thread.run(Thread.java:748)
... Removed 17 stack frames</pre></div><a href='#' onClick='toggleBox("stack-trace1610236050", this, "Click to show all stack frames", "Click to hide stack frames")'>Click to show all stack frames</a>
<div class='stack-trace' id='stack-trace1610236050'><pre>org.openqa.selenium.WebDriverException: Failed to decode response from marionette
Build info: version: &apos;3.141.59&apos;, revision: &apos;e82be7d358&apos;, time: &apos;2018-11-14T08:17:03&apos;
System info: host: &apos;DESKTOP-KQUFIDC&apos;, ip: &apos;192.168.99.1&apos;, os.name: &apos;Windows 10&apos;, os.arch: &apos;amd64&apos;, os.version: &apos;10.0&apos;, java.version: &apos;1.8.0_251&apos;
Driver info: org.openqa.selenium.firefox.FirefoxDriver
Capabilities {acceptInsecureCerts: true, browserName: firefox, browserVersion: 79.0, javascriptEnabled: true, moz:accessibilityChecks: false, moz:buildID: 20200720193547, moz:geckodriverVersion: 0.27.0, moz:headless: false, moz:processID: 55384, moz:profile: C:\Users\14387\AppData\Loca..., moz:shutdownTimeout: 60000, moz:useNonSpecCompliantPointerOrigin: false, moz:webdriverClick: true, pageLoadStrategy: normal, platform: WINDOWS, platformName: WINDOWS, platformVersion: 10.0, rotatable: false, setWindowRect: true, strictFileInteractability: false, timeouts: {implicit: 0, pageLoad: 300000, script: 30000}, unhandledPromptBehavior: dismiss and notify}
Session ID: 469bb775-2368-428e-baaa-2f860cc9f939
	at sun.reflect.NativeConstructorAccessorImpl.newInstance0(Native Method)
	at sun.reflect.NativeConstructorAccessorImpl.newInstance(NativeConstructorAccessorImpl.java:62)
	at sun.reflect.DelegatingConstructorAccessorImpl.newInstance(DelegatingConstructorAccessorImpl.java:45)
	at java.lang.reflect.Constructor.newInstance(Constructor.java:423)
	at org.openqa.selenium.remote.http.W3CHttpResponseCodec.createException(W3CHttpResponseCodec.java:187)
	at org.openqa.selenium.remote.http.W3CHttpResponseCodec.decode(W3CHttpResponseCodec.java:122)
	at org.openqa.selenium.remote.http.W3CHttpResponseCodec.decode(W3CHttpResponseCodec.java:49)
	at org.openqa.selenium.remote.HttpCommandExecutor.execute(HttpCommandExecutor.java:158)
	at org.openqa.selenium.remote.service.DriverCommandExecutor.execute(DriverCommandExecutor.java:83)
	at org.openqa.selenium.remote.RemoteWebDriver.execute(RemoteWebDriver.java:552)
	at org.openqa.selenium.remote.RemoteWebDriver.execute(RemoteWebDriver.java:609)
	at org.openqa.selenium.remote.RemoteWebDriver.getScreenshotAs(RemoteWebDriver.java:295)
	at com.qa.ClearTripQA.testlisteners.TestAllureListener.saveScreenshotPNG(TestAllureListener.java:25)
	at com.qa.ClearTripQA.testlisteners.TestAllureListener.onTestFailure(TestAllureListener.java:69)
	at org.testng.internal.TestListenerHelper.runTestListeners(TestListenerHelper.java:67)
	at org.testng.internal.Invoker.runTestListeners(Invoker.java:1389)
	at org.testng.internal.Invoker.invokeMethod(Invoker.java:636)
	at org.testng.internal.Invoker.invokeTestMethod(Invoker.java:719)
	at org.testng.internal.Invoker.invokeTestMethods(Invoker.java:989)
	at org.testng.internal.TestMethodWorker.invokeTestMethods(TestMethodWorker.java:125)
	at org.testng.internal.TestMethodWorker.run(TestMethodWorker.java:109)
	at org.testng.TestRunner.privateRun(TestRunner.java:648)
	at org.testng.TestRunner.run(TestRunner.java:505)
	at org.testng.SuiteRunner.runTest(SuiteRunner.java:455)
	at org.testng.SuiteRunner.access$000(SuiteRunner.java:40)
	at org.testng.SuiteRunner$SuiteWorker.run(SuiteRunner.java:489)
	at org.testng.internal.thread.ThreadUtil$1.call(ThreadUtil.java:52)
	at java.util.concurrent.FutureTask.run(FutureTask.java:266)
	at java.util.concurrent.ThreadPoolExecutor.runWorker(ThreadPoolExecutor.java:1149)
	at java.util.concurrent.ThreadPoolExecutor$Worker.run(ThreadPoolExecutor.java:624)
	at java.lang.Thread.run(Thread.java:748)
</pre></div></td>
<td>0</td>
<td>com.qa.ClearTripQA.tests.HomePageTest@2f40a43</td></tr>
</table><p>
<table width='100%' border='1' class='invocation-passed'>
<tr><td colspan='4' align='center'><b>PASSED TESTS</b></td></tr>
<tr><td><b>Test method</b></td>
<td width="30%"><b>Exception</b></td>
<td width="10%"><b>Time (seconds)</b></td>
<td><b>Instance</b></td>
</tr>
<tr>
<td title='com.qa.ClearTripQA.tests.HomePageTest.verfiyHomePageTitle()'><b>verfiyHomePageTitle</b><br>Test class: com.qa.ClearTripQA.tests.HomePageTest</td>
<td></td>
<td>0</td>
<td>com.qa.ClearTripQA.tests.HomePageTest@2f40a43</td></tr>
<tr>
<td title='com.qa.ClearTripQA.tests.HomePageTest.verifyAdult()'><b>verifyAdult</b><br>Test class: com.qa.ClearTripQA.tests.HomePageTest</td>
<td></td>
<td>0</td>
<td>com.qa.ClearTripQA.tests.HomePageTest@2f40a43</td></tr>
<tr>
<td title='com.qa.ClearTripQA.tests.HomePageTest.verifyChildren()'><b>verifyChildren</b><br>Test class: com.qa.ClearTripQA.tests.HomePageTest</td>
<td></td>
<td>0</td>
<td>com.qa.ClearTripQA.tests.HomePageTest@2f40a43</td></tr>
<tr>
<td title='com.qa.ClearTripQA.tests.HotelPageTest.verifyClickHotel()'><b>verifyClickHotel</b><br>Test class: com.qa.ClearTripQA.tests.HotelPageTest</td>
<td></td>
<td>3</td>
<td>com.qa.ClearTripQA.tests.HotelPageTest@3caa4757</td></tr>
<tr>
<td title='com.qa.ClearTripQA.tests.HomePageTest.verifyClickSearch()'><b>verifyClickSearch</b><br>Test class: com.qa.ClearTripQA.tests.HomePageTest</td>
<td></td>
<td>3</td>
<td>com.qa.ClearTripQA.tests.HomePageTest@2f40a43</td></tr>
<tr>
<td title='com.qa.ClearTripQA.tests.HomePageTest.verifyCurrencySelector()'><b>verifyCurrencySelector</b><br>Test class: com.qa.ClearTripQA.tests.HomePageTest</td>
<td></td>
<td>0</td>
<td>com.qa.ClearTripQA.tests.HomePageTest@2f40a43</td></tr>
<tr>
<td title='com.qa.ClearTripQA.tests.HomePageTest.verifyFlightSearchSummary()'><b>verifyFlightSearchSummary</b><br>Test class: com.qa.ClearTripQA.tests.HomePageTest</td>
<td></td>
<td>38</td>
<td>com.qa.ClearTripQA.tests.HomePageTest@2f40a43</td></tr>
<tr>
<td title='com.qa.ClearTripQA.tests.HotelPageTest.verifyHotelCheckInDate()'><b>verifyHotelCheckInDate</b><br>Test class: com.qa.ClearTripQA.tests.HotelPageTest</td>
<td></td>
<td>2</td>
<td>com.qa.ClearTripQA.tests.HotelPageTest@3caa4757</td></tr>
<tr>
<td title='com.qa.ClearTripQA.tests.HotelPageTest.verifyHotelCheckoutDate()'><b>verifyHotelCheckoutDate</b><br>Test class: com.qa.ClearTripQA.tests.HotelPageTest</td>
<td></td>
<td>0</td>
<td>com.qa.ClearTripQA.tests.HotelPageTest@3caa4757</td></tr>
<tr>
<td title='com.qa.ClearTripQA.tests.HotelPageTest.verifyHotelTitle()'><b>verifyHotelTitle</b><br>Test class: com.qa.ClearTripQA.tests.HotelPageTest</td>
<td></td>
<td>0</td>
<td>com.qa.ClearTripQA.tests.HotelPageTest@3caa4757</td></tr>
<tr>
<td title='com.qa.ClearTripQA.tests.LoginPageTest.verifyLoginPage()'><b>verifyLoginPage</b><br>Test class: com.qa.ClearTripQA.tests.LoginPageTest</td>
<td></td>
<td>8</td>
<td>com.qa.ClearTripQA.tests.LoginPageTest@7cd1ac19</td></tr>
<tr>
<td title='com.qa.ClearTripQA.tests.HomePageTest.verifyMoreOption()'><b>verifyMoreOption</b><br>Test class: com.qa.ClearTripQA.tests.HomePageTest</td>
<td></td>
<td>0</td>
<td>com.qa.ClearTripQA.tests.HomePageTest@2f40a43</td></tr>
<tr>
<td title='com.qa.ClearTripQA.tests.HomePageTest.verifyOneWay()'><b>verifyOneWay</b><br>Test class: com.qa.ClearTripQA.tests.HomePageTest</td>
<td></td>
<td>0</td>
<td>com.qa.ClearTripQA.tests.HomePageTest@2f40a43</td></tr>
<tr>
<td title='com.qa.ClearTripQA.tests.HotelPageTest.verifyPageBanner()'><b>verifyPageBanner</b><br>Test class: com.qa.ClearTripQA.tests.HotelPageTest</td>
<td></td>
<td>7</td>
<td>com.qa.ClearTripQA.tests.HotelPageTest@3caa4757</td></tr>
<tr>
<td title='com.qa.ClearTripQA.tests.HomePageTest.verifyPageHeader()'><b>verifyPageHeader</b><br>Test class: com.qa.ClearTripQA.tests.HomePageTest</td>
<td></td>
<td>0</td>
<td>com.qa.ClearTripQA.tests.HomePageTest@2f40a43</td></tr>
<tr>
<td title='com.qa.ClearTripQA.tests.HotelPageTest.verifySearchCity()'><b>verifySearchCity</b><br>Test class: com.qa.ClearTripQA.tests.HotelPageTest</td>
<td></td>
<td>6</td>
<td>com.qa.ClearTripQA.tests.HotelPageTest@3caa4757</td></tr>
<tr>
<td title='com.qa.ClearTripQA.tests.HomePageTest.verifySelectDestination()'><b>verifySelectDestination</b><br>Test class: com.qa.ClearTripQA.tests.HomePageTest</td>
<td></td>
<td>3</td>
<td>com.qa.ClearTripQA.tests.HomePageTest@2f40a43</td></tr>
<tr>
<td title='com.qa.ClearTripQA.tests.HotelPageTest.verifyTravellersNumbers()'><b>verifyTravellersNumbers</b><br>Test class: com.qa.ClearTripQA.tests.HotelPageTest</td>
<td></td>
<td>0</td>
<td>com.qa.ClearTripQA.tests.HotelPageTest@3caa4757</td></tr>
<tr>
<td title='com.qa.ClearTripQA.tests.HomePageTest.verifycalenderDate()'><b>verifycalenderDate</b><br>Test class: com.qa.ClearTripQA.tests.HomePageTest</td>
<td></td>
<td>2</td>
<td>com.qa.ClearTripQA.tests.HomePageTest@2f40a43</td></tr>
<tr>
<td title='com.qa.ClearTripQA.tests.HomePageTest.verifyselectFrom()'><b>verifyselectFrom</b><br>Test class: com.qa.ClearTripQA.tests.HomePageTest</td>
<td></td>
<td>2</td>
<td>com.qa.ClearTripQA.tests.HomePageTest@2f40a43</td></tr>
</table><p>
</body>
</html>